
> atom-bonding-studio@0.1.0 dev
> vite --host 127.0.0.1 --port 5173

Port 5173 is in use, trying another one...

  [32m[1mVITE[22m v6.4.2[39m  [2mready in [0m[1m271[22m[2m[0m ms[22m

  [32m➜[39m  [1mLocal[22m:   [36mhttp://127.0.0.1:[1m5174[22m/[39m
[2m11:48:03 PM[22m [36m[1m[vite][22m[39m [90m[2m(client)[22m[39m [32mhmr update [39m[2m/src/components/LessonOverlay.tsx, /src/styles.css[22m
[2m11:48:25 PM[22m [36m[1m[vite][22m[39m [90m[2m(client)[22m[39m [32mhmr update [39m[2m/src/components/LearningPanel.tsx, /src/styles.css[22m
[2m11:48:39 PM[22m [36m[1m[vite][22m[39m [90m[2m(client)[22m[39m [32mhmr update [39m[2m/src/components/LearningPanel.tsx, /src/styles.css[22m
[2m11:48:49 PM[22m [36m[1m[vite][22m[39m [90m[2m(client)[22m[39m [32mhmr update [39m[2m/src/styles.css[22m
[2m11:57:41 PM[22m [36m[1m[vite][22m[39m [90m[2m(client)[22m[39m [32mhmr update [39m[2m/src/components/LearningPanel.tsx, /src/styles.css[22m
[2m11:58:10 PM[22m [36m[1m[vite][22m[39m [90m[2m(client)[22m[39m [32mhmr update [39m[2m/src/components/LearningPanel.tsx, /src/styles.css[22m
[2m11:58:20 PM[22m [36m[1m[vite][22m[39m [90m[2m(client)[22m[39m [32mhmr update [39m[2m/src/components/LessonOverlay.tsx, /src/styles.css[22m
[2m11:58:30 PM[22m [36m[1m[vite][22m[39m [90m[2m(client)[22m[39m [32mhmr update [39m[2m/src/styles.css[22m
[2m12:00:51 AM[22m [36m[1m[vite][22m[39m [90m[2m(client)[22m[39m [32mhmr update [39m[2m/src/App.tsx, /src/styles.css, /src/components/LearningPanel.tsx[22m
[2m12:01:08 AM[22m [36m[1m[vite][22m[39m [90m[2m(client)[22m[39m [32mhmr update [39m[2m/src/App.tsx, /src/styles.css, /src/components/LearningPanel.tsx[22m
[2m12:04:22 AM[22m [36m[1m[vite][22m[39m [90m[2m(client)[22m[39m [32mhmr update [39m[2m/src/components/LessonOverlay.tsx, /src/styles.css[22m
[2m12:04:30 AM[22m [36m[1m[vite][22m[39m [90m[2m(client)[22m[39m [32mhmr update [39m[2m/src/components/LessonOverlay.tsx, /src/styles.css[22m
[2m12:10:35 AM[22m [36m[1m[vite][22m[39m [90m[2m(client)[22m[39m [32mpage reload [39m[2msrc/types.ts[22m
[2m12:10:54 AM[22m [36m[1m[vite][22m[39m [90m[2m(client)[22m[39m [32mhmr update [39m[2m/src/components/LearningPanel.tsx, /src/styles.css[22m
[2m12:11:19 AM[22m [36m[1m[vite][22m[39m [90m[2m(client)[22m[39m [32mhmr update [39m[2m/src/components/LessonOverlay.tsx, /src/styles.css[22m
[2m12:11:50 AM[22m [36m[1m[vite][22m[39m [90m[2m(client)[22m[39m [32mhmr update [39m[2m/src/App.tsx, /src/styles.css, /src/components/LearningPanel.tsx[22m
[2m12:12:02 AM[22m [36m[1m[vite][22m[39m [90m[2m(client)[22m[39m [32mhmr update [39m[2m/src/App.tsx, /src/styles.css, /src/components/LearningPanel.tsx[22m
[2m12:12:36 AM[22m [36m[1m[vite][22m[39m [90m[2m(client)[22m[39m [32mhmr update [39m[2m/src/App.tsx, /src/styles.css, /src/components/LearningPanel.tsx[22m
[2m12:12:46 AM[22m [36m[1m[vite][22m[39m [90m[2m(client)[22m[39m [32mhmr update [39m[2m/src/components/LearningPanel.tsx, /src/styles.css[22m
[2m12:16:24 AM[22m [36m[1m[vite][22m[39m [90m[2m(client)[22m[39m [32mhmr update [39m[2m/src/components/SimulationCanvas.tsx, /src/styles.css[22m
[2m12:16:45 AM[22m [36m[1m[vite][22m[39m [90m[2m(client)[22m[39m [32mhmr update [39m[2m/src/App.tsx, /src/styles.css, /src/components/LearningPanel.tsx[22m
[2m12:16:53 AM[22m [36m[1m[vite][22m[39m [90m[2m(client)[22m[39m [32mhmr update [39m[2m/src/components/LearningPanel.tsx, /src/styles.css[22m
[2m12:19:20 AM[22m [36m[1m[vite][22m[39m [90m[2m(client)[22m[39m [32mhmr update [39m[2m/src/components/LessonOverlay.tsx, /src/styles.css[22m
[2m12:30:12 AM[22m [36m[1m[vite][22m[39m [90m[2m(client)[22m[39m [32mpage reload [39m[2msrc/types.ts[22m
[2m12:30:43 AM[22m [36m[1m[vite][22m[39m [90m[2m(client)[22m[39m [32mhmr update [39m[2m/src/styles.css, /src/components/InfoPanel.tsx, /src/components/ControlDock.tsx, /src/App.tsx, /src/components/SimulationCanvas.tsx, /src/components/Molecule3DView.tsx, /src/components/LearningPanel.tsx[22m
[2m12:31:42 AM[22m [36m[1m[vite][22m[39m [90m[2m(client)[22m[39m [32mhmr update [39m[2m/src/App.tsx, /src/styles.css[22m
[2m12:32:00 AM[22m [36m[1m[vite][22m[39m [90m[2m(client)[22m[39m [32mhmr update [39m[2m/src/App.tsx, /src/styles.css[22m
[2m12:32:05 AM[22m [36m[1m[vite][22m[39m [90m[2m(client)[22m[39m [32mhmr update [39m[2m/src/components/SimulationCanvas.tsx, /src/styles.css[22m
[2m12:33:15 AM[22m [36m[1m[vite][22m[39m [90m[2m(client)[22m[39m [32mhmr update [39m[2m/src/styles.css[22m
[2m12:33:37 AM[22m [36m[1m[vite][22m[39m [90m[2m(client)[22m[39m [32mhmr update [39m[2m/src/styles.css[22m
[2m12:33:54 AM[22m [36m[1m[vite][22m[39m [90m[2m(client)[22m[39m [32mhmr update [39m[2m/src/styles.css, /src/components/InfoPanel.tsx, /src/components/ControlDock.tsx, /src/App.tsx, /src/components/SimulationCanvas.tsx, /src/components/Molecule3DView.tsx, /src/components/LearningPanel.tsx[22m
[2m12:35:04 AM[22m [36m[1m[vite][22m[39m [90m[2m(client)[22m[39m [32mhmr update [39m[2m/src/components/PeriodicTable.tsx, /src/styles.css[22m
[2m12:35:11 AM[22m [36m[1m[vite][22m[39m [90m[2m(client)[22m[39m [32mhmr update [39m[2m/src/styles.css[22m
[2m12:40:20 AM[22m [36m[1m[vite][22m[39m [90m[2m(client)[22m[39m [32mhmr update [39m[2m/src/components/PeriodicTable.tsx, /src/styles.css[22m
[2m12:40:27 AM[22m [36m[1m[vite][22m[39m [90m[2m(client)[22m[39m [32mhmr update [39m[2m/src/App.tsx, /src/styles.css[22m
[2m12:40:44 AM[22m [36m[1m[vite][22m[39m [90m[2m(client)[22m[39m [32mhmr update [39m[2m/src/components/ControlDock.tsx, /src/styles.css[22m
[2m12:40:58 AM[22m [36m[1m[vite][22m[39m [90m[2m(client)[22m[39m [32mhmr update [39m[2m/src/styles.css[22m
[2m12:41:13 AM[22m [36m[1m[vite][22m[39m [90m[2m(client)[22m[39m [32mhmr update [39m[2m/src/styles.css, /src/App.tsx[22m
[2m12:41:48 AM[22m [36m[1m[vite][22m[39m [90m[2m(client)[22m[39m [32mhmr update [39m[2m/src/components/SimulationCanvas.tsx, /src/styles.css[22m
[2m12:42:14 AM[22m [36m[1m[vite][22m[39m [90m[2m(client)[22m[39m [32mhmr update [39m[2m/src/components/SimulationCanvas.tsx, /src/styles.css[22m
[2m12:42:21 AM[22m [36m[1m[vite][22m[39m [90m[2m(client)[22m[39m [32mhmr update [39m[2m/src/components/SimulationCanvas.tsx, /src/styles.css[22m
[2m12:42:32 AM[22m [36m[1m[vite][22m[39m [90m[2m(client)[22m[39m [32mhmr update [39m[2m/src/components/SimulationCanvas.tsx, /src/styles.css[22m
[2m12:51:47 AM[22m [36m[1m[vite][22m[39m [90m[2m(client)[22m[39m [32mhmr update [39m[2m/src/components/PeriodicTable.tsx, /src/styles.css[22m
[2m12:51:54 AM[22m [36m[1m[vite][22m[39m [90m[2m(client)[22m[39m [32mhmr update [39m[2m/src/styles.css[22m
[2m12:52:01 AM[22m [36m[1m[vite][22m[39m [90m[2m(client)[22m[39m [32mhmr update [39m[2m/src/components/SimulationCanvas.tsx, /src/styles.css[22m
[2m12:52:11 AM[22m [36m[1m[vite][22m[39m [90m[2m(client)[22m[39m [32mhmr update [39m[2m/src/components/SimulationCanvas.tsx, /src/styles.css[22m
[2m12:52:38 AM[22m [36m[1m[vite][22m[39m [90m[2m(client)[22m[39m [32mhmr update [39m[2m/src/components/SimulationCanvas.tsx, /src/styles.css[22m
[2m12:56:25 AM[22m [36m[1m[vite][22m[39m [90m[2m(client)[22m[39m [32mhmr update [39m[2m/src/components/SimulationCanvas.tsx, /src/styles.css[22m
[2m12:56:36 AM[22m [36m[1m[vite][22m[39m [90m[2m(client)[22m[39m [32mhmr update [39m[2m/src/components/SimulationCanvas.tsx, /src/styles.css[22m
[2m12:56:46 AM[22m [36m[1m[vite][22m[39m [90m[2m(client)[22m[39m [32mhmr update [39m[2m/src/components/SimulationCanvas.tsx, /src/styles.css[22m
[2m12:57:39 AM[22m [36m[1m[vite][22m[39m [90m[2m(client)[22m[39m [32mhmr update [39m[2m/src/components/SimulationCanvas.tsx, /src/styles.css[22m
[2m12:57:47 AM[22m [36m[1m[vite][22m[39m [90m[2m(client)[22m[39m [32mhmr update [39m[2m/src/components/SimulationCanvas.tsx, /src/styles.css[22m
[2m12:58:03 AM[22m [36m[1m[vite][22m[39m [90m[2m(client)[22m[39m [32mhmr update [39m[2m/src/styles.css, /src/App.tsx[22m
[2m12:58:28 AM[22m [36m[1m[vite][22m[39m [90m[2m(client)[22m[39m [32mhmr update [39m[2m/src/styles.css[22m
[2m1:32:46 AM[22m [36m[1m[vite][22m[39m [90m[2m(client)[22m[39m [32mpage reload [39m[2matom-bonding-studio-git-ready/index.html[22m
[2m1:32:46 AM[22m [36m[1m[vite][22m[39m changed tsconfig file detected: C:/Users/cryoc/Documents/New project/atom-bonding-studio-git-ready/tsconfig.json - Clearing cache and forcing full-reload to ensure TypeScript is compiled with updated config values.
[2m6:15:07 AM[22m [36m[1m[vite][22m[39m [90m[2m(client)[22m[39m [32mhmr update [39m[2m/src/App.tsx, /src/styles.css[22m
[2m6:15:27 AM[22m [36m[1m[vite][22m[39m [90m[2m(client)[22m[39m [32mhmr update [39m[2m/src/components/SimulationCanvas.tsx, /src/styles.css[22m
[2m6:15:39 AM[22m [36m[1m[vite][22m[39m [90m[2m(client)[22m[39m [32mhmr update [39m[2m/src/components/SimulationCanvas.tsx, /src/styles.css[22m
[2m6:15:56 AM[22m [36m[1m[vite][22m[39m [90m[2m(client)[22m[39m [32mhmr update [39m[2m/src/components/SimulationCanvas.tsx, /src/styles.css[22m
[2m6:16:04 AM[22m [36m[1m[vite][22m[39m [90m[2m(client)[22m[39m [32mhmr update [39m[2m/src/components/SimulationCanvas.tsx, /src/styles.css[22m
[2m6:16:10 AM[22m [36m[1m[vite][22m[39m [90m[2m(client)[22m[39m [32mhmr update [39m[2m/src/components/SimulationCanvas.tsx, /src/styles.css[22m
[2m6:16:17 AM[22m [36m[1m[vite][22m[39m [90m[2m(client)[22m[39m [32mhmr update [39m[2m/src/components/Molecule3DView.tsx, /src/styles.css[22m
[2m6:16:30 AM[22m [36m[1m[vite][22m[39m [90m[2m(client)[22m[39m [32mhmr update [39m[2m/src/components/Molecule3DView.tsx, /src/styles.css[22m
[2m6:16:37 AM[22m [36m[1m[vite][22m[39m [90m[2m(client)[22m[39m [32mhmr update [39m[2m/src/components/Molecule3DView.tsx, /src/styles.css[22m
[2m6:16:54 AM[22m [36m[1m[vite][22m[39m [90m[2m(client)[22m[39m [32mhmr update [39m[2m/src/components/Molecule3DView.tsx, /src/styles.css[22m
[2m4:18:25 PM[22m [36m[1m[vite][22m[39m [90m[2m(client)[22m[39m [32mhmr update [39m[2m/src/components/PeriodicTable.tsx, /src/styles.css[22m
[2m4:18:33 PM[22m [36m[1m[vite][22m[39m [90m[2m(client)[22m[39m [32mhmr update [39m[2m/src/styles.css[22m
[2m4:28:33 PM[22m [36m[1m[vite][22m[39m [90m[2m(client)[22m[39m [32mpage reload [39m[2msrc/types.ts[22m
[2m4:28:44 PM[22m [36m[1m[vite][22m[39m [90m[2m(client)[22m[39m [32mhmr update [39m[2m/src/App.tsx, /src/styles.css[22m
[2m4:29:24 PM[22m [36m[1m[vite][22m[39m [90m[2m(client)[22m[39m [32mhmr update [39m[2m/src/components/GraphicsPanel.tsx, /src/styles.css[22m
[2m4:29:48 PM[22m [36m[1m[vite][22m[39m [90m[2m(client)[22m[39m [32mhmr update [39m[2m/src/components/SimulationCanvas.tsx, /src/styles.css[22m
[2m4:30:08 PM[22m [36m[1m[vite][22m[39m [90m[2m(client)[22m[39m [32mhmr update [39m[2m/src/components/SimulationCanvas.tsx, /src/styles.css[22m
[2m4:30:28 PM[22m [36m[1m[vite][22m[39m [90m[2m(client)[22m[39m [32mhmr update [39m[2m/src/components/SimulationCanvas.tsx, /src/styles.css[22m
[2m4:30:40 PM[22m [36m[1m[vite][22m[39m [90m[2m(client)[22m[39m [32mhmr update [39m[2m/src/components/SimulationCanvas.tsx, /src/styles.css[22m
[2m4:30:50 PM[22m [36m[1m[vite][22m[39m [90m[2m(client)[22m[39m [32mhmr update [39m[2m/src/components/SimulationCanvas.tsx, /src/styles.css[22m
[2m4:30:57 PM[22m [36m[1m[vite][22m[39m [90m[2m(client)[22m[39m [32mhmr update [39m[2m/src/components/SimulationCanvas.tsx, /src/styles.css[22m
[2m4:31:15 PM[22m [36m[1m[vite][22m[39m [90m[2m(client)[22m[39m [32mhmr update [39m[2m/src/components/SimulationCanvas.tsx, /src/styles.css[22m
[2m4:31:47 PM[22m [36m[1m[vite][22m[39m [90m[2m(client)[22m[39m [32mhmr update [39m[2m/src/components/SimulationCanvas.tsx, /src/styles.css[22m
[2m4:31:59 PM[22m [36m[1m[vite][22m[39m [90m[2m(client)[22m[39m [32mhmr update [39m[2m/src/components/SimulationCanvas.tsx, /src/styles.css[22m
[2m4:32:22 PM[22m [36m[1m[vite][22m[39m [90m[2m(client)[22m[39m [32mhmr update [39m[2m/src/components/SimulationCanvas.tsx, /src/styles.css[22m
[2m4:32:34 PM[22m [36m[1m[vite][22m[39m [90m[2m(client)[22m[39m [32mhmr update [39m[2m/src/components/SimulationCanvas.tsx, /src/styles.css[22m
[2m4:32:42 PM[22m [36m[1m[vite][22m[39m [90m[2m(client)[22m[39m [32mhmr update [39m[2m/src/components/SimulationCanvas.tsx, /src/styles.css[22m
[2m4:32:53 PM[22m [36m[1m[vite][22m[39m [90m[2m(client)[22m[39m [32mhmr update [39m[2m/src/components/SimulationCanvas.tsx, /src/styles.css[22m
[2m4:33:03 PM[22m [36m[1m[vite][22m[39m [90m[2m(client)[22m[39m [32mhmr update [39m[2m/src/components/SimulationCanvas.tsx, /src/styles.css[22m
[2m4:33:27 PM[22m [36m[1m[vite][22m[39m [90m[2m(client)[22m[39m [32mhmr update [39m[2m/src/components/SimulationCanvas.tsx, /src/styles.css[22m
[2m4:33:42 PM[22m [36m[1m[vite][22m[39m [90m[2m(client)[22m[39m [32mhmr update [39m[2m/src/components/PeriodicTable.tsx, /src/styles.css[22m
[2m4:33:55 PM[22m [36m[1m[vite][22m[39m [90m[2m(client)[22m[39m [32mhmr update [39m[2m/src/styles.css[22m
[2m4:34:47 PM[22m [36m[1m[vite][22m[39m [90m[2m(client)[22m[39m [32mhmr update [39m[2m/src/components/InfoPanel.tsx, /src/styles.css[22m
[2m4:35:09 PM[22m [36m[1m[vite][22m[39m [90m[2m(client)[22m[39m [32mhmr update [39m[2m/src/styles.css[22m
[2m4:35:36 PM[22m [36m[1m[vite][22m[39m [90m[2m(client)[22m[39m [32mhmr update [39m[2m/src/App.tsx, /src/styles.css, /src/components/LearningPanel.tsx[22m
[2m8:57:59 PM[22m [36m[1m[vite][22m[39m [90m[2m(client)[22m[39m [32mhmr update [39m[2m/src/components/PeriodicTable.tsx, /src/styles.css[22m
[2m8:58:06 PM[22m [36m[1m[vite][22m[39m [90m[2m(client)[22m[39m [32mhmr update [39m[2m/src/styles.css[22m
[2m8:58:19 PM[22m [36m[1m[vite][22m[39m [90m[2m(client)[22m[39m [32mhmr update [39m[2m/src/components/InfoPanel.tsx, /src/styles.css[22m
[2m8:58:44 PM[22m [36m[1m[vite][22m[39m [90m[2m(client)[22m[39m [32mhmr update [39m[2m/src/components/InfoPanel.tsx, /src/styles.css[22m
[2m8:58:59 PM[22m [36m[1m[vite][22m[39m [90m[2m(client)[22m[39m [32mhmr update [39m[2m/src/components/InfoPanel.tsx, /src/styles.css[22m
[2m9:00:12 PM[22m [36m[1m[vite][22m[39m [90m[2m(client)[22m[39m [32mpage reload [39m[2msrc/types.ts[22m
[2m9:00:22 PM[22m [36m[1m[vite][22m[39m [90m[2m(client)[22m[39m [32mhmr update [39m[2m/src/App.tsx, /src/styles.css[22m
[2m9:00:34 PM[22m [36m[1m[vite][22m[39m [90m[2m(client)[22m[39m [32mhmr update [39m[2m/src/components/GraphicsPanel.tsx, /src/styles.css[22m
[2m9:00:43 PM[22m [36m[1m[vite][22m[39m [90m[2m(client)[22m[39m [32mhmr update [39m[2m/src/components/SimulationCanvas.tsx, /src/styles.css[22m
[2m9:01:45 PM[22m [36m[1m[vite][22m[39m [90m[2m(client)[22m[39m [32mhmr update [39m[2m/src/styles.css[22m
[2m9:05:57 PM[22m [36m[1m[vite][22m[39m [90m[2m(client)[22m[39m [32mhmr update [39m[2m/src/components/InfoPanel.tsx, /src/styles.css[22m
[2m9:06:19 PM[22m [36m[1m[vite][22m[39m [90m[2m(client)[22m[39m [32mhmr update [39m[2m/src/components/InfoPanel.tsx, /src/styles.css[22m
[2m9:06:47 PM[22m [36m[1m[vite][22m[39m [90m[2m(client)[22m[39m [32mhmr update [39m[2m/src/styles.css[22m
[2m9:15:10 PM[22m [36m[1m[vite][22m[39m [90m[2m(client)[22m[39m [32mpage reload [39m[2msrc/types.ts[22m
[2m9:15:19 PM[22m [36m[1m[vite][22m[39m [90m[2m(client)[22m[39m [32mhmr update [39m[2m/src/App.tsx, /src/styles.css[22m
[2m9:15:31 PM[22m [36m[1m[vite][22m[39m [90m[2m(client)[22m[39m [32mhmr update [39m[2m/src/components/GraphicsPanel.tsx, /src/styles.css[22m
[2m9:15:43 PM[22m [36m[1m[vite][22m[39m [90m[2m(client)[22m[39m [32mhmr update [39m[2m/src/components/SimulationCanvas.tsx, /src/styles.css[22m
[2m9:16:19 PM[22m [36m[1m[vite][22m[39m [90m[2m(client)[22m[39m [32mhmr update [39m[2m/src/components/GraphicsPanel.tsx, /src/styles.css[22m
[2m9:33:52 PM[22m [36m[1m[vite][22m[39m [90m[2m(client)[22m[39m [32mhmr update [39m[2m/src/components/InfoPanel.tsx, /src/styles.css[22m
[2m9:37:08 PM[22m [36m[1m[vite][22m[39m [90m[2m(client)[22m[39m [32mhmr update [39m[2m/src/components/InfoPanel.tsx, /src/styles.css[22m
[2m9:37:22 PM[22m [36m[1m[vite][22m[39m [90m[2m(client)[22m[39m [32mhmr update [39m[2m/src/components/InfoPanel.tsx, /src/styles.css[22m
[2m9:41:36 PM[22m [36m[1m[vite][22m[39m [90m[2m(client)[22m[39m [32mhmr update [39m[2m/src/components/InfoPanel.tsx, /src/styles.css[22m
[2m9:43:39 PM[22m [36m[1m[vite][22m[39m [90m[2m(client)[22m[39m [32mhmr update [39m[2m/src/components/PeriodicTable.tsx, /src/styles.css[22m
[2m9:47:02 PM[22m [36m[1m[vite][22m[39m [90m[2m(client)[22m[39m [32mpage reload [39m[2msrc/types.ts[22m
[2m9:47:08 PM[22m [36m[1m[vite][22m[39m [90m[2m(client)[22m[39m [32mhmr update [39m[2m/src/App.tsx, /src/styles.css[22m
[2m9:47:19 PM[22m [36m[1m[vite][22m[39m [90m[2m(client)[22m[39m [32mhmr update [39m[2m/src/components/GraphicsPanel.tsx, /src/styles.css[22m
[2m9:47:26 PM[22m [36m[1m[vite][22m[39m [90m[2m(client)[22m[39m [32mhmr update [39m[2m/src/components/SimulationCanvas.tsx, /src/styles.css[22m
[2m9:49:04 PM[22m [36m[1m[vite][22m[39m [90m[2m(client)[22m[39m [32mhmr update [39m[2m/src/components/InfoPanel.tsx, /src/styles.css[22m
[2m9:53:34 PM[22m [36m[1m[vite][22m[39m [90m[2m(client)[22m[39m [32mhmr update [39m[2m/src/components/InfoPanel.tsx, /src/styles.css[22m
[2m10:12:25 PM[22m [36m[1m[vite][22m[39m [90m[2m(client)[22m[39m [32mhmr update [39m[2m/src/components/PeriodicTable.tsx, /src/styles.css[22m
[2m10:12:37 PM[22m [36m[1m[vite][22m[39m [90m[2m(client)[22m[39m [32mhmr update [39m[2m/src/components/GraphicsPanel.tsx, /src/styles.css[22m
[2m10:13:54 PM[22m [36m[1m[vite][22m[39m [90m[2m(client)[22m[39m [32mhmr update [39m[2m/src/components/SimulationCanvas.tsx, /src/styles.css[22m
[2m10:14:07 PM[22m [36m[1m[vite][22m[39m [90m[2m(client)[22m[39m [32mhmr update [39m[2m/src/components/SimulationCanvas.tsx, /src/styles.css[22m
[2m10:14:20 PM[22m [36m[1m[vite][22m[39m [90m[2m(client)[22m[39m [32mhmr update [39m[2m/src/components/SimulationCanvas.tsx, /src/styles.css[22m
[2m10:14:46 PM[22m [36m[1m[vite][22m[39m [90m[2m(client)[22m[39m [32mhmr update [39m[2m/src/components/SimulationCanvas.tsx, /src/styles.css[22m
[2m10:29:55 PM[22m [36m[1m[vite][22m[39m [90m[2m(client)[22m[39m [32mhmr update [39m[2m/src/components/LearningPanel.tsx, /src/styles.css[22m
[2m10:30:39 PM[22m [36m[1m[vite][22m[39m [90m[2m(client)[22m[39m [32mhmr update [39m[2m/src/components/LearningPanel.tsx, /src/styles.css[22m
[2m10:31:08 PM[22m [36m[1m[vite][22m[39m [90m[2m(client)[22m[39m [32mhmr update [39m[2m/src/styles.css[22m
[2m10:37:42 PM[22m [36m[1m[vite][22m[39m [90m[2m(client)[22m[39m [32mhmr update [39m[2m/src/styles.css[22m
[2m10:40:50 PM[22m [36m[1m[vite][22m[39m [90m[2m(client)[22m[39m [32mhmr update [39m[2m/src/App.tsx, /src/styles.css, /src/components/LearningPanel.tsx[22m
[2m10:45:15 PM[22m [36m[1m[vite][22m[39m [90m[2m(client)[22m[39m [32mpage reload [39m[2msrc/types.ts[22m
[2m10:45:22 PM[22m [36m[1m[vite][22m[39m [90m[2m(client)[22m[39m [32mhmr update [39m[2m/src/App.tsx, /src/styles.css[22m
[2m10:45:32 PM[22m [36m[1m[vite][22m[39m [90m[2m(client)[22m[39m [32mhmr update [39m[2m/src/components/GraphicsPanel.tsx, /src/styles.css[22m
[2m10:46:27 PM[22m [36m[1m[vite][22m[39m [90m[2m(client)[22m[39m [32mhmr update [39m[2m/src/components/SimulationCanvas.tsx, /src/styles.css[22m
[2m10:46:36 PM[22m [36m[1m[vite][22m[39m [90m[2m(client)[22m[39m [32mhmr update [39m[2m/src/components/LessonOverlay.tsx, /src/styles.css[22m
[2m10:46:58 PM[22m [36m[1m[vite][22m[39m [90m[2m(client)[22m[39m [32mhmr update [39m[2m/src/components/LessonOverlay.tsx, /src/styles.css[22m
[2m10:47:30 PM[22m [36m[1m[vite][22m[39m [90m[2m(client)[22m[39m [32mhmr update [39m[2m/src/App.tsx, /src/styles.css, /src/components/LearningPanel.tsx[22m
[2m10:47:40 PM[22m [36m[1m[vite][22m[39m [90m[2m(client)[22m[39m [32mhmr update [39m[2m/src/components/LearningPanel.tsx, /src/styles.css[22m
[2m10:53:00 PM[22m [36m[1m[vite][22m[39m [90m[2m(client)[22m[39m [32mpage reload [39m[2msrc/types.ts[22m
[2m10:53:08 PM[22m [36m[1m[vite][22m[39m [90m[2m(client)[22m[39m [32mhmr update [39m[2m/src/components/GraphicsPanel.tsx, /src/styles.css[22m
[2m10:54:14 PM[22m [36m[1m[vite][22m[39m [90m[2m(client)[22m[39m [32mhmr update [39m[2m/src/components/SimulationCanvas.tsx, /src/styles.css[22m
[2m10:54:38 PM[22m [36m[1m[vite][22m[39m [90m[2m(client)[22m[39m [32mhmr update [39m[2m/src/components/SimulationCanvas.tsx, /src/styles.css[22m
[2m11:45:09 PM[22m [36m[1m[vite][22m[39m [90m[2m(client)[22m[39m [32mhmr update [39m[2m/src/components/GraphicsPanel.tsx, /src/styles.css[22m
[2m11:45:23 PM[22m [36m[1m[vite][22m[39m [90m[2m(client)[22m[39m [32mhmr update [39m[2m/src/components/SimulationCanvas.tsx, /src/styles.css[22m
[2m11:48:40 PM[22m [36m[1m[vite][22m[39m [90m[2m(client)[22m[39m [32mpage reload [39m[2msrc/types.ts[22m
[2m11:48:46 PM[22m [36m[1m[vite][22m[39m [90m[2m(client)[22m[39m [32mhmr update [39m[2m/src/App.tsx, /src/styles.css[22m
[2m11:49:10 PM[22m [36m[1m[vite][22m[39m [90m[2m(client)[22m[39m [32mhmr update [39m[2m/src/components/GraphicsPanel.tsx, /src/styles.css[22m
[2m11:49:34 PM[22m [36m[1m[vite][22m[39m [90m[2m(client)[22m[39m [32mhmr update [39m[2m/src/components/SimulationCanvas.tsx, /src/styles.css[22m
[2m11:49:41 PM[22m [36m[1m[vite][22m[39m [90m[2m(client)[22m[39m [32mhmr update [39m[2m/src/App.tsx, /src/styles.css[22m
[2m11:50:00 PM[22m [36m[1m[vite][22m[39m [90m[2m(client)[22m[39m [32mhmr update [39m[2m/src/components/SimulationCanvas.tsx, /src/styles.css[22m
[2m11:50:18 PM[22m [36m[1m[vite][22m[39m [90m[2m(client)[22m[39m [32mhmr update [39m[2m/src/styles.css[22m
[2m11:57:48 PM[22m [36m[1m[vite][22m[39m [90m[2m(client)[22m[39m [32mhmr update [39m[2m/src/components/SimulationCanvas.tsx, /src/styles.css[22m
